# JRE version: Java(TM) SE Runtime Environment (7.0_60-b19) (build 1.7.0_60-b19)
# Java VM: Java HotSpot(TM) Client VM (24.60-b09 mixed mode windows-x86 )
Heap
 def new generation   total 4928K, used 2915K [0x03e00000, 0x04350000, 0x09350000)
  eden space 4416K,  54% used [0x03e00000, 0x04058dd8, 0x04250000)
  from space 512K, 100% used [0x04250000, 0x042d0000, 0x042d0000)
  to   space 512K,   0% used [0x042d0000, 0x042d0000, 0x04350000)
 tenured generation   total 10944K, used 2356K [0x09350000, 0x09e00000, 0x13e00000)
   the space 10944K,  21% used [0x09350000, 0x0959d368, 0x0959d400, 0x09e00000)
 compacting perm gen  total 12288K, used 2952K [0x13e00000, 0x14a00000, 0x17e00000)
   the space 12288K,  24% used [0x13e00000, 0x140e23c8, 0x140e2400, 0x14a00000)
GC Heap History (4 events):
Event: 2.896 GC heap before
{Heap before GC invocations=0 (full 0):
 def new generation   total 4928K, used 4416K [0x03e00000, 0x04350000, 0x09350000)
  eden space 4416K, 100% used [0x03e00000, 0x04250000, 0x04250000)
  from space 512K,   0% used [0x04250000, 0x04250000, 0x042d0000)
  to   space 512K,   0% used [0x042d0000, 0x042d0000, 0x04350000)
 tenured generation   total 10944K, used 0K [0x09350000, 0x09e00000, 0x13e00000)
   the space 10944K,   0% used [0x09350000, 0x09350000, 0x09350200, 0x09e00000)
 compacting perm gen  total 12288K, used 2706K [0x13e00000, 0x14a00000, 0x17e00000)
   the space 12288K,  22% used [0x13e00000, 0x140a4b40, 0x140a4c00, 0x14a00000)
No shared spaces configured.
Event: 2.905 GC heap after
Heap after GC invocations=1 (full 0):
 def new generation   total 4928K, used 512K [0x03e00000, 0x04350000, 0x09350000)
  eden space 4416K,   0% used [0x03e00000, 0x03e00000, 0x04250000)
  from space 512K, 100% used [0x042d0000, 0x04350000, 0x04350000)
  to   space 512K,   0% used [0x04250000, 0x04250000, 0x042d0000)
 tenured generation   total 10944K, used 1013K [0x09350000, 0x09e00000, 0x13e00000)
   the space 10944K,   9% used [0x09350000, 0x0944d578, 0x0944d600, 0x09e00000)
 compacting perm gen  total 12288K, used 2706K [0x13e00000, 0x14a00000, 0x17e00000)
   the space 12288K,  22% used [0x13e00000, 0x140a4b40, 0x140a4c00, 0x14a00000)
No shared spaces configured.
}
Event: 3.229 GC heap before
{Heap before GC invocations=1 (full 0):
 def new generation   total 4928K, used 4909K [0x03e00000, 0x04350000, 0x09350000)
  eden space 4416K,  99% used [0x03e00000, 0x0424b778, 0x04250000)
  from space 512K, 100% used [0x042d0000, 0x04350000, 0x04350000)
  to   space 512K,   0% used [0x04250000, 0x04250000, 0x042d0000)
 tenured generation   total 10944K, used 1013K [0x09350000, 0x09e00000, 0x13e00000)
   the space 10944K,   9% used [0x09350000, 0x0944d578, 0x0944d600, 0x09e00000)
 compacting perm gen  total 12288K, used 2933K [0x13e00000, 0x14a00000, 0x17e00000)
   the space 12288K,  23% used [0x13e00000, 0x140dd468, 0x140dd600, 0x14a00000)
No shared spaces configured.
Event: 3.241 GC heap after
Heap after GC invocations=2 (full 0):
 def new generation   total 4928K, used 512K [0x03e00000, 0x04350000, 0x09350000)
  eden space 4416K,   0% used [0x03e00000, 0x03e00000, 0x04250000)
  from space 512K, 100% used [0x04250000, 0x042d0000, 0x042d0000)
  to   space 512K,   0% used [0x042d0000, 0x042d0000, 0x04350000)
 tenured generation   total 10944K, used 2356K [0x09350000, 0x09e00000, 0x13e00000)
   the space 10944K,  21% used [0x09350000, 0x0959d368, 0x0959d400, 0x09e00000)
 compacting perm gen  total 12288K, used 2933K [0x13e00000, 0x14a00000, 0x17e00000)
   the space 12288K,  23% used [0x13e00000, 0x140dd468, 0x140dd600, 0x14a00000)
No shared spaces configured.
}

